build/app/outputs/mapping/release/mapping.txt
# compiler: R8
# compiler_version: 1.5.64
# min_api: 21
# pg_map_id: 74e40bb
...
io.grpc.NameResolver$ConfigOrError -> c.b.v0$c:
    io.grpc.Status status -> a
    java.lang.Object config -> b
    io.grpc.NameResolver$ConfigOrError fromConfig(java.lang.Object) -> a
    io.grpc.NameResolver$ConfigOrError fromError(io.grpc.Status) -> a
    java.lang.Object getConfig() -> a
    io.grpc.Status getError() -> b
io.grpc.NameResolver$Factory -> c.b.v0$d:
    io.grpc.Attributes$Key PARAMS_DEFAULT_PORT -> a
    io.grpc.Attributes$Key PARAMS_PROXY_DETECTOR -> b
    io.grpc.Attributes$Key PARAMS_SYNC_CONTEXT -> c
    io.grpc.Attributes$Key PARAMS_PARSER -> d
    java.lang.String getDefaultScheme() -> a
    io.grpc.NameResolver newNameResolver(java.net.URI,io.grpc.Attributes) -> a
    io.grpc.NameResolver newNameResolver(java.net.URI,io.grpc.NameResolver$Args) -> a
    io.grpc.NameResolver newNameResolver(java.net.URI,io.grpc.NameResolver$Helper) -> a
io.grpc.NameResolver$Factory$1 -> c.b.v0$d$a:
io.grpc.NameResolver$Factory$2 -> c.b.v0$d$b:
    io.grpc.NameResolver$Args val$args -> a
    int getDefaultPort() -> a
    io.grpc.ProxyDetector getProxyDetector() -> b
    io.grpc.SynchronizationContext getSynchronizationContext() -> c
io.grpc.NameResolver$Helper -> c.b.v0$e:
    int getDefaultPort() -> a
    io.grpc.ProxyDetector getProxyDetector() -> b
    io.grpc.SynchronizationContext getSynchronizationContext() -> c
io.grpc.NameResolver$Listener -> c.b.v0$g:
    void onAddresses(java.util.List,io.grpc.Attributes) -> a
    void onError(io.grpc.Status) -> a
io.grpc.NameResolver$Listener2 -> c.b.v0$f:
    void onAddresses(java.util.List,io.grpc.Attributes) -> a
    void onError(io.grpc.Status) -> a
    void onResult(io.grpc.NameResolver$ResolutionResult) -> a
io.grpc.NameResolver$ResolutionResult -> c.b.v0$h:
    java.util.List addresses -> a
    io.grpc.Attributes attributes -> b
    io.grpc.NameResolver$ConfigOrError serviceConfig -> c
    java.util.List getAddresses() -> a
    io.grpc.Attributes getAttributes() -> b
    io.grpc.NameResolver$ResolutionResult$Builder newBuilder() -> c
io.grpc.NameResolver$ResolutionResult$Builder -> c.b.v0$h$a:
    java.util.List addresses -> a
    io.grpc.Attributes attributes -> b
    io.grpc.NameResolver$ConfigOrError serviceConfig -> c
    io.grpc.NameResolver$ResolutionResult build() -> a
    io.grpc.NameResolver$ResolutionResult$Builder setAddresses(java.util.List) -> a
    io.grpc.NameResolver$ResolutionResult$Builder setAttributes(io.grpc.Attributes) -> a
io.grpc.NameResolver$ServiceConfigParser -> c.b.v0$i:
io.grpc.NameResolverProvider -> c.b.w0:
    boolean isAvailable() -> b
    int priority() -> c
io.grpc.NameResolverRegistry -> c.b.x0:
    io.grpc.NameResolver$Factory factory -> a
    io.grpc.NameResolverRegistry instance -> e
    java.util.List effectiveProviders -> c
    java.util.logging.Logger logger -> d
    java.util.LinkedHashSet allProviders -> b
    void addProvider(io.grpc.NameResolverProvider) -> a
    io.grpc.NameResolver$Factory asFactory() -> a
    java.util.List providers() -> b
    io.grpc.NameResolverRegistry getDefaultRegistry() -> c
    java.util.List getHardCodedClasses() -> d
    void refreshProviders() -> e
io.grpc.NameResolverRegistry$1 -> c.b.x0$a:
    int compare(io.grpc.NameResolverProvider,io.grpc.NameResolverProvider) -> a
io.grpc.NameResolverRegistry$NameResolverFactory -> c.b.x0$b:
    io.grpc.NameResolverRegistry this$0 -> e
    java.lang.String getDefaultScheme() -> a
    io.grpc.NameResolver newNameResolver(java.net.URI,io.grpc.NameResolver$Args) -> a
io.grpc.NameResolverRegistry$NameResolverPriorityAccessor -> c.b.x0$c:
    int getPriority(io.grpc.NameResolverProvider) -> a
    int getPriority(java.lang.Object) -> a
    boolean isAvailable(io.grpc.NameResolverProvider) -> b
    boolean isAvailable(java.lang.Object) -> b
io.grpc.PartialForwardingClientCall -> c.b.y0:
    void halfClose() -> a
    void request(int) -> a
    io.grpc.ClientCall delegate() -> b